<?xml version="1.0" encoding="UTF-8"?>
<testng-results ignored="0" total="3" passed="3" failed="0" skipped="0">
  <reporter-output>
  </reporter-output>
  <suite started-at="2024-11-19T00:35:20 IST" name="Test for Qtrip application" finished-at="2024-11-19T00:36:10 IST" duration-ms="50297">
    <groups>
    </groups>
    <test started-at="2024-11-19T00:35:20 IST" name="Test Cases for Qtrip" finished-at="2024-11-19T00:36:10 IST" duration-ms="50297">
      <class name="qtriptest.tests.testCase_01">
        <test-method is-config="true" signature="setup()[pri:0, instance:qtriptest.tests.testCase_01@7a35b0f5]" started-at="2024-11-19T00:35:16 IST" name="setup" finished-at="2024-11-19T00:35:20 IST" duration-ms="3630" status="PASS">
          <reporter-output>
          </reporter-output>
        </test-method> <!-- setup -->
        <test-method signature="TestCase01(java.lang.String,java.lang.String)[pri:0, instance:qtriptest.tests.testCase_01@7a35b0f5]" started-at="2024-11-19T00:35:22 IST" name="TestCase01" description="New User registration and validating login and logout" data-provider="QtripData" finished-at="2024-11-19T00:35:38 IST" duration-ms="16323" status="PASS">
          <params>
            <param index="0">
              <value>
                <![CDATA[testuser@gmail.com]]>
              </value>
            </param>
            <param index="1">
              <value>
                <![CDATA[abc@123]]>
              </value>
            </param>
          </params>
          <reporter-output>
          </reporter-output>
        </test-method> <!-- TestCase01 -->
        <test-method signature="TestCase01(java.lang.String,java.lang.String)[pri:0, instance:qtriptest.tests.testCase_01@7a35b0f5]" started-at="2024-11-19T00:35:38 IST" name="TestCase01" description="New User registration and validating login and logout" data-provider="QtripData" finished-at="2024-11-19T00:35:54 IST" duration-ms="15852" status="PASS">
          <params>
            <param index="0">
              <value>
                <![CDATA[TESTUSER@gmail.com]]>
              </value>
            </param>
            <param index="1">
              <value>
                <![CDATA[123456.0]]>
              </value>
            </param>
          </params>
          <reporter-output>
          </reporter-output>
        </test-method> <!-- TestCase01 -->
        <test-method signature="TestCase01(java.lang.String,java.lang.String)[pri:0, instance:qtriptest.tests.testCase_01@7a35b0f5]" started-at="2024-11-19T00:35:54 IST" name="TestCase01" description="New User registration and validating login and logout" data-provider="QtripData" finished-at="2024-11-19T00:36:10 IST" duration-ms="15831" status="PASS">
          <params>
            <param index="0">
              <value>
                <![CDATA[123_USER_low@gmail.com]]>
              </value>
            </param>
            <param index="1">
              <value>
                <![CDATA[QWERTY!!!!]]>
              </value>
            </param>
          </params>
          <reporter-output>
          </reporter-output>
        </test-method> <!-- TestCase01 -->
        <test-method is-config="true" signature="teardown()[pri:0, instance:qtriptest.tests.testCase_01@7a35b0f5]" started-at="2024-11-19T00:36:10 IST" name="teardown" finished-at="2024-11-19T00:36:10 IST" duration-ms="118" status="PASS">
          <reporter-output>
          </reporter-output>
        </test-method> <!-- teardown -->
      </class> <!-- qtriptest.tests.testCase_01 -->
    </test> <!-- Test Cases for Qtrip -->
  </suite> <!-- Test for Qtrip application -->
</testng-results>
